TN:
SF:/Users/richardsiwady/Documents/AcklenAvenue/ionic-testing/www/js/app.js
FN:10,(anonymous_1)
FN:11,(anonymous_2)
FN:26,(anonymous_3)
FNF:3
FNH:0
FNDA:0,(anonymous_1)
FNDA:0,(anonymous_2)
FNDA:0,(anonymous_3)
DA:8,1
DA:11,0
DA:14,0
DA:15,0
DA:16,0
DA:19,0
DA:21,0
DA:32,0
DA:83,0
LF:9
LH:1
BRDA:14,1,0,0
BRDA:14,1,1,0
BRDA:14,2,0,0
BRDA:14,2,1,0
BRDA:14,2,2,0
BRDA:19,3,0,0
BRDA:19,3,1,0
BRF:7
BRH:0
end_of_record
TN:
SF:/Users/richardsiwady/Documents/AcklenAvenue/ionic-testing/www/js/controllers.js
FN:3,(anonymous_1)
FN:5,(anonymous_2)
FN:15,(anonymous_3)
FN:20,(anonymous_4)
FN:24,(anonymous_5)
FN:29,(anonymous_6)
FNF:6
FNH:2
FNDA:0,(anonymous_1)
FNDA:0,(anonymous_2)
FNDA:0,(anonymous_3)
FNDA:0,(anonymous_4)
FNDA:2,(anonymous_5)
FNDA:1,(anonymous_6)
DA:1,1
DA:14,0
DA:15,0
DA:16,0
DA:21,0
DA:25,2
DA:29,2
DA:30,1
LF:8
LH:4
BRF:0
BRH:0
end_of_record
TN:
SF:/Users/richardsiwady/Documents/AcklenAvenue/ionic-testing/www/js/services.js
FN:3,(anonymous_1)
FN:35,(anonymous_2)
FN:38,(anonymous_3)
FN:41,(anonymous_4)
FNF:4
FNH:3
FNDA:3,(anonymous_1)
FNDA:1,(anonymous_2)
FNDA:0,(anonymous_3)
FNDA:1,(anonymous_4)
DA:1,1
DA:7,3
DA:34,3
DA:36,1
DA:39,0
DA:42,1
DA:43,2
DA:44,1
DA:47,0
LF:9
LH:7
BRDA:43,1,0,1
BRDA:43,1,1,1
BRF:2
BRH:2
end_of_record
